2026-03-26 20:04:31,116 | INFO | __main__ | [2026-03-26T20:04:31] Starting extract step
2026-03-26 20:04:31,128 | INFO | etl.extract | Extracted dataframe shape: (25, 12)
2026-03-26 20:04:31,129 | INFO | etl.extract | Column names: ['show_id', 'type', 'title', 'director', 'cast', 'country', 'date_added', 'release_year', 'rating', 'duration', 'listed_in', 'description']
2026-03-26 20:04:31,133 | INFO | etl.extract | Null counts:
show_id         0
type            1
title           1
director        1
cast            0
country         0
date_added      0
release_year    0
rating          2
duration        0
listed_in       0
description     0
dtype: int64
2026-03-26 20:04:31,136 | INFO | __main__ | [2026-03-26T20:04:31] Starting transform step
2026-03-26 20:04:31,190 | INFO | etl.transform | Rows before transform: 25
2026-03-26 20:04:31,191 | INFO | etl.transform | Rows after transform: 23
2026-03-26 20:04:31,194 | INFO | etl.quality | Data quality report for cleaned_titles | rows=23 | cols=17 | nulls={'show_id': 0, 'type': 0, 'title': 0, 'director': 1, 'cast': 0, 'country': 0, 'date_added': 0, 'release_year': 0, 'rating': 0, 'duration': 0, 'listed_in': 0, 'description': 0, 'genres': 0, 'date_added_year': 0, 'country_primary': 0, 'decade': 0, 'title_id': 0}
2026-03-26 20:04:31,197 | INFO | __main__ | [2026-03-26T20:04:31] Starting load step
2026-03-26 20:04:31,303 | INFO | etl.load | Incremental records selected: 0
2026-03-26 20:04:31,306 | INFO | etl.load | No new titles detected for append.
2026-03-26 20:04:31,312 | ERROR | __main__ | Pipeline execution failed.
Traceback (most recent call last):
  File "/home/arnab/CODE/ETL-Data Engineering/netflix_etl/main.py", line 65, in main
    run_pipeline(config)
    ~~~~~~~~~~~~^^^^^^^^
  File "/home/arnab/CODE/ETL-Data Engineering/netflix_etl/main.py", line 33, in run_pipeline
    load_metadata = load_data(
        raw_dataframe=raw_dataframe,
    ...<2 lines>...
        output_dir=str(config.output_dir),
    )
  File "/home/arnab/CODE/ETL-Data Engineering/netflix_etl/etl/load.py", line 269, in load_data
    loaded_titles, genres, countries = rebuild_reporting_tables(engine)
                                       ~~~~~~~~~~~~~~~~~~~~~~~~^^^^^^^^
  File "/home/arnab/CODE/ETL-Data Engineering/netflix_etl/etl/load.py", line 158, in rebuild_reporting_tables
    genres = titles[["title_id", "show_id", "listed_in"]].copy()
             ~~~~~~^^^^^^^^^^^^^^^^^^^^^^^^^^^^^^^^^^^^^^
  File "/home/arnab/CODE/ETL-Data Engineering/netflix_etl/.venv/lib/python3.13/site-packages/pandas/core/frame.py", line 4384, in __getitem__
    indexer = self.columns._get_indexer_strict(key, "columns")[1]
              ~~~~~~~~~~~~~~~~~~~~~~~~~~~~~~~~^^^^^^^^^^^^^^^^
  File "/home/arnab/CODE/ETL-Data Engineering/netflix_etl/.venv/lib/python3.13/site-packages/pandas/core/indexes/base.py", line 6302, in _get_indexer_strict
    self._raise_if_missing(keyarr, indexer, axis_name)
    ~~~~~~~~~~~~~~~~~~~~~~^^^^^^^^^^^^^^^^^^^^^^^^^^^^
  File "/home/arnab/CODE/ETL-Data Engineering/netflix_etl/.venv/lib/python3.13/site-packages/pandas/core/indexes/base.py", line 6355, in _raise_if_missing
    raise KeyError(f"{not_found} not in index")
KeyError: "['listed_in'] not in index"
2026-03-26 20:05:00,037 | INFO | __main__ | [2026-03-26T20:05:00] Starting extract step
2026-03-26 20:05:00,039 | INFO | etl.extract | Extracted dataframe shape: (25, 12)
2026-03-26 20:05:00,039 | INFO | etl.extract | Column names: ['show_id', 'type', 'title', 'director', 'cast', 'country', 'date_added', 'release_year', 'rating', 'duration', 'listed_in', 'description']
2026-03-26 20:05:00,041 | INFO | etl.extract | Null counts:
show_id         0
type            1
title           1
director        1
cast            0
country         0
date_added      0
release_year    0
rating          2
duration        0
listed_in       0
description     0
dtype: int64
2026-03-26 20:05:00,043 | INFO | __main__ | [2026-03-26T20:05:00] Starting transform step
2026-03-26 20:05:00,059 | INFO | etl.transform | Rows before transform: 25
2026-03-26 20:05:00,060 | INFO | etl.transform | Rows after transform: 23
2026-03-26 20:05:00,061 | INFO | etl.quality | Data quality report for cleaned_titles | rows=23 | cols=17 | nulls={'show_id': 0, 'type': 0, 'title': 0, 'director': 1, 'cast': 0, 'country': 0, 'date_added': 0, 'release_year': 0, 'rating': 0, 'duration': 0, 'listed_in': 0, 'description': 0, 'genres': 0, 'date_added_year': 0, 'country_primary': 0, 'decade': 0, 'title_id': 0}
2026-03-26 20:05:00,061 | INFO | __main__ | [2026-03-26T20:05:00] Starting load step
2026-03-26 20:05:00,111 | INFO | etl.load | Incremental records selected: 0
2026-03-26 20:05:00,112 | INFO | etl.load | Existing database schema is outdated. Rebuilding tables with the current schema.
2026-03-26 20:05:00,170 | INFO | etl.load | Top 10 Genres:
                    genre  content_count
0                  Dramas              7
1    International Movies              4
2  International TV Shows              4
3      Action & Adventure              3
4                Comedies              3
5           Documentaries              3
6              Docuseries              3
7                Kids' TV              3
8             TV Comedies              2
9               TV Dramas              2
2026-03-26 20:05:00,183 | INFO | etl.load | Content Added Per Year:
   year_added  content_count
0        2015              1
1        2016              1
2        2017              2
3        2018              3
4        2019              3
5        2020              4
6        2021              4
7        2022              3
8        2023              2
2026-03-26 20:05:00,190 | INFO | etl.load | Movies Vs Tv Ratio:
      type  content_count
0    Movie             14
1  TV Show              9
2026-03-26 20:05:00,199 | INFO | etl.load | Top 10 Countries:
         country  content_count
0  United States              4
1          India              2
2      Argentina              1
3      Australia              1
4         Brazil              1
5         Canada              1
6          Egypt              1
7         France              1
8        Germany              1
9         Greece              1
2026-03-26 20:05:00,206 | INFO | etl.load | Rating Distribution:
  rating  content_count
0     PG              4
1  TV-14              4
2     NR              3
3  PG-13              2
4      R              2
5   TV-G              2
6  TV-MA              2
7  TV-PG              2
8      G              1
9  TV-Y7              1
2026-03-26 20:05:00,219 | INFO | __main__ | [2026-03-26T20:05:00] Pipeline complete
2026-03-26 20:05:00,219 | INFO | __main__ | Final summary stats:
2026-03-26 20:05:00,219 | INFO | __main__ | raw_row_count: 25
2026-03-26 20:05:00,219 | INFO | __main__ | cleaned_row_count: 23
2026-03-26 20:05:00,219 | INFO | __main__ | titles_loaded: 23
2026-03-26 20:05:00,219 | INFO | __main__ | new_titles_loaded: 0
2026-03-26 20:05:00,219 | INFO | __main__ | genres_loaded: 46
2026-03-26 20:05:00,219 | INFO | __main__ | countries_loaded: 23
2026-03-26 20:05:00,219 | INFO | __main__ | csv_outputs_created: 5
2026-03-26 20:05:00,219 | INFO | __main__ | database_url: sqlite:////home/arnab/CODE/ETL-Data Engineering/netflix_etl/output/analytics.db
2026-03-26 20:07:28,994 | INFO | __main__ | [2026-03-26T20:07:28] Starting extract step
2026-03-26 20:07:29,000 | INFO | etl.extract | Extracted dataframe shape: (25, 12)
2026-03-26 20:07:29,001 | INFO | etl.extract | Column names: ['show_id', 'type', 'title', 'director', 'cast', 'country', 'date_added', 'release_year', 'rating', 'duration', 'listed_in', 'description']
2026-03-26 20:07:29,003 | INFO | etl.extract | Null counts:
show_id         0
type            1
title           1
director        1
cast            0
country         0
date_added      0
release_year    0
rating          2
duration        0
listed_in       0
description     0
dtype: int64
2026-03-26 20:07:29,004 | INFO | __main__ | [2026-03-26T20:07:29] Starting transform step
2026-03-26 20:07:29,022 | INFO | etl.transform | Rows before transform: 25
2026-03-26 20:07:29,023 | INFO | etl.transform | Rows after transform: 23
2026-03-26 20:07:29,023 | INFO | etl.quality | Data quality report for cleaned_titles | rows=23 | cols=17 | nulls={'show_id': 0, 'type': 0, 'title': 0, 'director': 1, 'cast': 0, 'country': 0, 'date_added': 0, 'release_year': 0, 'rating': 0, 'duration': 0, 'listed_in': 0, 'description': 0, 'genres': 0, 'date_added_year': 0, 'country_primary': 0, 'decade': 0, 'title_id': 0}
2026-03-26 20:07:29,024 | INFO | __main__ | [2026-03-26T20:07:29] Starting load step
2026-03-26 20:07:29,070 | INFO | etl.load | Incremental records selected: 0
2026-03-26 20:07:29,071 | INFO | etl.load | No new titles detected for append.
2026-03-26 20:07:29,112 | INFO | etl.load | Top 10 Genres:
                    genre  content_count
0                  Dramas              7
1    International Movies              4
2  International TV Shows              4
3      Action & Adventure              3
4                Comedies              3
5           Documentaries              3
6              Docuseries              3
7                Kids' TV              3
8             TV Comedies              2
9               TV Dramas              2
2026-03-26 20:07:29,120 | INFO | etl.load | Content Added Per Year:
   year_added  content_count
0        2015              1
1        2016              1
2        2017              2
3        2018              3
4        2019              3
5        2020              4
6        2021              4
7        2022              3
8        2023              2
2026-03-26 20:07:29,127 | INFO | etl.load | Movies Vs Tv Ratio:
      type  content_count
0    Movie             14
1  TV Show              9
2026-03-26 20:07:29,134 | INFO | etl.load | Top 10 Countries:
         country  content_count
0  United States              4
1          India              2
2      Argentina              1
3      Australia              1
4         Brazil              1
5         Canada              1
6          Egypt              1
7         France              1
8        Germany              1
9         Greece              1
2026-03-26 20:07:29,141 | INFO | etl.load | Rating Distribution:
  rating  content_count
0     PG              4
1  TV-14              4
2     NR              3
3  PG-13              2
4      R              2
5   TV-G              2
6  TV-MA              2
7  TV-PG              2
8      G              1
9  TV-Y7              1
2026-03-26 20:07:29,150 | INFO | __main__ | [2026-03-26T20:07:29] Pipeline complete
2026-03-26 20:07:29,150 | INFO | __main__ | Final summary stats:
2026-03-26 20:07:29,150 | INFO | __main__ | raw_row_count: 25
2026-03-26 20:07:29,150 | INFO | __main__ | cleaned_row_count: 23
2026-03-26 20:07:29,150 | INFO | __main__ | titles_loaded: 23
2026-03-26 20:07:29,150 | INFO | __main__ | new_titles_loaded: 0
2026-03-26 20:07:29,151 | INFO | __main__ | genres_loaded: 46
2026-03-26 20:07:29,151 | INFO | __main__ | countries_loaded: 23
2026-03-26 20:07:29,151 | INFO | __main__ | csv_outputs_created: 5
2026-03-26 20:07:29,151 | INFO | __main__ | database_url: sqlite:////home/arnab/CODE/ETL-Data Engineering/netflix_etl/output/analytics.db
2026-03-26 20:08:13,690 | INFO | __main__ | [2026-03-26T20:08:13] Starting extract step
2026-03-26 20:08:13,692 | INFO | etl.extract | Extracted dataframe shape: (25, 12)
2026-03-26 20:08:13,692 | INFO | etl.extract | Column names: ['show_id', 'type', 'title', 'director', 'cast', 'country', 'date_added', 'release_year', 'rating', 'duration', 'listed_in', 'description']
2026-03-26 20:08:13,693 | INFO | etl.extract | Null counts:
show_id         0
type            1
title           1
director        1
cast            0
country         0
date_added      0
release_year    0
rating          2
duration        0
listed_in       0
description     0
dtype: int64
2026-03-26 20:08:13,694 | INFO | __main__ | [2026-03-26T20:08:13] Starting transform step
2026-03-26 20:08:13,709 | INFO | etl.transform | Rows before transform: 25
2026-03-26 20:08:13,709 | INFO | etl.transform | Rows after transform: 23
2026-03-26 20:08:13,710 | INFO | etl.quality | Data quality report for cleaned_titles | rows=23 | cols=17 | nulls={'show_id': 0, 'type': 0, 'title': 0, 'director': 1, 'cast': 0, 'country': 0, 'date_added': 0, 'release_year': 0, 'rating': 0, 'duration': 0, 'listed_in': 0, 'description': 0, 'genres': 0, 'date_added_year': 0, 'country_primary': 0, 'decade': 0, 'title_id': 0}
2026-03-26 20:08:13,710 | INFO | __main__ | [2026-03-26T20:08:13] Starting load step
2026-03-26 20:08:13,762 | INFO | etl.load | Incremental records selected: 0
2026-03-26 20:08:13,763 | INFO | etl.load | No new titles detected for append.
2026-03-26 20:08:13,810 | INFO | etl.load | Top 10 Genres:
                    genre  content_count
0                  Dramas              7
1    International Movies              4
2  International TV Shows              4
3      Action & Adventure              3
4                Comedies              3
5           Documentaries              3
6              Docuseries              3
7                Kids' TV              3
8             TV Comedies              2
9               TV Dramas              2
2026-03-26 20:08:13,819 | INFO | etl.load | Content Added Per Year:
   year_added  content_count
0        2015              1
1        2016              1
2        2017              2
3        2018              3
4        2019              3
5        2020              4
6        2021              4
7        2022              3
8        2023              2
2026-03-26 20:08:13,828 | INFO | etl.load | Movies Vs Tv Ratio:
      type  content_count
0    Movie             14
1  TV Show              9
2026-03-26 20:08:13,838 | INFO | etl.load | Top 10 Countries:
         country  content_count
0  United States              4
1          India              2
2      Argentina              1
3      Australia              1
4         Brazil              1
5         Canada              1
6          Egypt              1
7         France              1
8        Germany              1
9         Greece              1
2026-03-26 20:08:13,845 | INFO | etl.load | Rating Distribution:
  rating  content_count
0     PG              4
1  TV-14              4
2     NR              3
3  PG-13              2
4      R              2
5   TV-G              2
6  TV-MA              2
7  TV-PG              2
8      G              1
9  TV-Y7              1
2026-03-26 20:08:13,857 | INFO | __main__ | [2026-03-26T20:08:13] Pipeline complete
2026-03-26 20:08:13,857 | INFO | __main__ | Final summary stats:
2026-03-26 20:08:13,857 | INFO | __main__ | raw_row_count: 25
2026-03-26 20:08:13,857 | INFO | __main__ | cleaned_row_count: 23
2026-03-26 20:08:13,857 | INFO | __main__ | titles_loaded: 23
2026-03-26 20:08:13,857 | INFO | __main__ | new_titles_loaded: 0
2026-03-26 20:08:13,857 | INFO | __main__ | genres_loaded: 46
2026-03-26 20:08:13,857 | INFO | __main__ | countries_loaded: 23
2026-03-26 20:08:13,857 | INFO | __main__ | csv_outputs_created: 5
2026-03-26 20:08:13,857 | INFO | __main__ | database_url: sqlite:////home/arnab/CODE/ETL-Data Engineering/netflix_etl/output/analytics.db
2026-03-26 22:24:45,707 | INFO | __main__ | [2026-03-26T22:24:45] Starting extract step
2026-03-26 22:24:45,713 | INFO | etl.extract | Extracted dataframe shape: (25, 12)
2026-03-26 22:24:45,714 | INFO | etl.extract | Column names: ['show_id', 'type', 'title', 'director', 'cast', 'country', 'date_added', 'release_year', 'rating', 'duration', 'listed_in', 'description']
2026-03-26 22:24:45,717 | INFO | etl.extract | Null counts:
show_id         0
type            1
title           1
director        1
cast            0
country         0
date_added      0
release_year    0
rating          2
duration        0
listed_in       0
description     0
dtype: int64
2026-03-26 22:24:45,719 | INFO | __main__ | [2026-03-26T22:24:45] Starting transform step
2026-03-26 22:24:45,745 | INFO | etl.transform | Rows before transform: 25
2026-03-26 22:24:45,745 | INFO | etl.transform | Rows after transform: 23
2026-03-26 22:24:45,747 | INFO | etl.quality | Data quality report for cleaned_titles | rows=23 | cols=17 | nulls={'show_id': 0, 'type': 0, 'title': 0, 'director': 1, 'cast': 0, 'country': 0, 'date_added': 0, 'release_year': 0, 'rating': 0, 'duration': 0, 'listed_in': 0, 'description': 0, 'genres': 0, 'date_added_year': 0, 'country_primary': 0, 'decade': 0, 'title_id': 0}
2026-03-26 22:24:45,747 | INFO | __main__ | [2026-03-26T22:24:45] Starting load step
2026-03-26 22:24:45,894 | INFO | etl.load | Incremental records selected: 0
2026-03-26 22:24:45,895 | INFO | etl.load | No new titles detected for append.
2026-03-26 22:24:45,962 | INFO | etl.load | Top 10 Genres:
                    genre  content_count
0                  Dramas              7
1    International Movies              4
2  International TV Shows              4
3      Action & Adventure              3
4                Comedies              3
5           Documentaries              3
6              Docuseries              3
7                Kids' TV              3
8             TV Comedies              2
9               TV Dramas              2
2026-03-26 22:24:45,976 | INFO | etl.load | Content Added Per Year:
   year_added  content_count
0        2015              1
1        2016              1
2        2017              2
3        2018              3
4        2019              3
5        2020              4
6        2021              4
7        2022              3
8        2023              2
2026-03-26 22:24:45,987 | INFO | etl.load | Movies Vs Tv Ratio:
      type  content_count
0    Movie             14
1  TV Show              9
2026-03-26 22:24:45,999 | INFO | etl.load | Top 10 Countries:
         country  content_count
0  United States              4
1          India              2
2      Argentina              1
3      Australia              1
4         Brazil              1
5         Canada              1
6          Egypt              1
7         France              1
8        Germany              1
9         Greece              1
2026-03-26 22:24:46,011 | INFO | etl.load | Rating Distribution:
  rating  content_count
0     PG              4
1  TV-14              4
2     NR              3
3  PG-13              2
4      R              2
5   TV-G              2
6  TV-MA              2
7  TV-PG              2
8      G              1
9  TV-Y7              1
2026-03-26 22:24:46,034 | INFO | __main__ | [2026-03-26T22:24:46] Pipeline complete
2026-03-26 22:24:46,035 | INFO | __main__ | Final summary stats:
2026-03-26 22:24:46,035 | INFO | __main__ | raw_row_count: 25
2026-03-26 22:24:46,035 | INFO | __main__ | cleaned_row_count: 23
2026-03-26 22:24:46,036 | INFO | __main__ | titles_loaded: 23
2026-03-26 22:24:46,036 | INFO | __main__ | new_titles_loaded: 0
2026-03-26 22:24:46,036 | INFO | __main__ | genres_loaded: 46
2026-03-26 22:24:46,037 | INFO | __main__ | countries_loaded: 23
2026-03-26 22:24:46,037 | INFO | __main__ | csv_outputs_created: 5
2026-03-26 22:24:46,037 | INFO | __main__ | database_url: sqlite:////home/arnab/CODE/ETL-Data Engineering/netflix_etl/output/analytics.db
